<?xml version="1.0" encoding="UTF-8"?>
<!-- Generated by org.testng.reporters.JUnitReportReporter -->
<testsuite hostname="LAPTOP-9VS728M4" failures="0" tests="3" name="BasicTest.SignupPage" time="0.011" errors="0" timestamp="2023-07-01T09:57:56 IST" skipped="0">
  <testcase classname="BasicTest.SignupPage" name="signUpBytwitter" time="0.003"/>
  <system-out/>
  <testcase classname="BasicTest.SignupPage" name="signUpByemail" time="0.006"/>
  <system-out/>
  <testcase classname="BasicTest.SignupPage" name="signUpByfacebook" time="0.002"/>
  <system-out/>
</testsuite> <!-- BasicTest.SignupPage -->
