<?xml version="1.0" encoding="UTF-8"?>
<!-- Generated by org.testng.reporters.JUnitReportReporter -->
<testsuite hostname="LAPTOP-9VS728M4" failures="0" tests="2" name="BasicTest.PaymentTest" time="0.007" errors="0" timestamp="2023-07-01T09:57:56 IST" skipped="0">
  <testcase classname="BasicTest.PaymentTest" name="paymentInrupees" time="0.002"/>
  <system-out/>
  <testcase classname="BasicTest.PaymentTest" name="paymentInDollor" time="0.005"/>
  <system-out/>
</testsuite> <!-- BasicTest.PaymentTest -->
