<?xml version="1.0" encoding="UTF-8"?>
<!-- Generated by org.testng.reporters.JUnitReportReporter -->
<testsuite hostname="LAPTOP-9VS728M4" failures="0" tests="3" name="BasicTest.LoginTest" time="0.039" errors="0" timestamp="2023-07-01T09:57:56 IST" skipped="0">
  <testcase classname="BasicTest.LoginTest" name="loginByemail" time="0.026"/>
  <system-out/>
  <testcase classname="BasicTest.LoginTest" name="loginByfacebook" time="0.005"/>
  <system-out/>
  <testcase classname="BasicTest.LoginTest" name="loginBytwitter" time="0.008"/>
  <system-out/>
</testsuite> <!-- BasicTest.LoginTest -->
